-------------------------------------------------------------------------------
Test set: com.oscar.test.springboot.app.controllers.CuentaControllerWebTestClientTests
-------------------------------------------------------------------------------
Tests run: 8, Failures: 7, Errors: 0, Skipped: 0, Time elapsed: 5.821 s <<< FAILURE! - in com.oscar.test.springboot.app.controllers.CuentaControllerWebTestClientTests
testDetalle  Time elapsed: 0.014 s  <<< FAILURE!
java.lang.AssertionError: JSON path "$.persona" expected:<Andrés> but was:<AndrÃ©s>
	at com.oscar.test.springboot.app.controllers.CuentaControllerWebTestClientTests.testDetalle(CuentaControllerWebTestClientTests.java:96)

testDetalle2  Time elapsed: 0.022 s  <<< FAILURE!
org.opentest4j.AssertionFailedError: expected: <2100.00> but was: <2200.00>
	at com.oscar.test.springboot.app.controllers.CuentaControllerWebTestClientTests.lambda$testDetalle2$2(CuentaControllerWebTestClientTests.java:113)
	at com.oscar.test.springboot.app.controllers.CuentaControllerWebTestClientTests.testDetalle2(CuentaControllerWebTestClientTests.java:109)

testListar  Time elapsed: 0.014 s  <<< FAILURE!
java.lang.AssertionError: JSON path "$[0].persona" expected:<Andrés> but was:<AndrÃ©s>
	at com.oscar.test.springboot.app.controllers.CuentaControllerWebTestClientTests.testListar(CuentaControllerWebTestClientTests.java:124)

testListar2  Time elapsed: 0.043 s  <<< FAILURE!
org.opentest4j.AssertionFailedError: expected: <Andrés> but was: <AndrÃ©s>
	at com.oscar.test.springboot.app.controllers.CuentaControllerWebTestClientTests.lambda$testListar2$3(CuentaControllerWebTestClientTests.java:146)
	at com.oscar.test.springboot.app.controllers.CuentaControllerWebTestClientTests.testListar2(CuentaControllerWebTestClientTests.java:141)

testGuardar  Time elapsed: 0.015 s  <<< FAILURE!
java.lang.AssertionError: JSON path "$.id" expected:<3> but was:<4>
	at com.oscar.test.springboot.app.controllers.CuentaControllerWebTestClientTests.testGuardar(CuentaControllerWebTestClientTests.java:171)

testGuardar2  Time elapsed: 0.022 s  <<< FAILURE!
org.opentest4j.AssertionFailedError: expected: <4> but was: <5>
	at com.oscar.test.springboot.app.controllers.CuentaControllerWebTestClientTests.lambda$testGuardar2$4(CuentaControllerWebTestClientTests.java:195)
	at com.oscar.test.springboot.app.controllers.CuentaControllerWebTestClientTests.testGuardar2(CuentaControllerWebTestClientTests.java:192)

testEliminar  Time elapsed: 0.04 s  <<< FAILURE!
java.lang.AssertionError: Status expected:<204 NO_CONTENT> but was:<500 INTERNAL_SERVER_ERROR>
	at com.oscar.test.springboot.app.controllers.CuentaControllerWebTestClientTests.testEliminar(CuentaControllerWebTestClientTests.java:212)

