<?xml version="1.0" encoding="UTF-8"?>
<testsuite xmlns:xsi="http://www.w3.org/2001/XMLSchema-instance" xsi:noNamespaceSchemaLocation="https://maven.apache.org/surefire/maven-surefire-plugin/xsd/surefire-test-report.xsd" name="com.oscar.test.springboot.app.controllers.CuentaControllerTestRestTemplateTest" time="10.582" tests="5" errors="0" skipped="0" failures="2">
  <properties>
[...]
</properties>
  <testcase name="testTransferir" classname="com.oscar.test.springboot.app.controllers.CuentaControllerTestRestTemplateTest" time="0.586"/>
  <testcase name="testDetalle" classname="com.oscar.test.springboot.app.controllers.CuentaControllerTestRestTemplateTest" time="0.027">
    <failure message="expected: &lt;Andrés&gt; but was: &lt;AndrÃ©s&gt;" type="org.opentest4j.AssertionFailedError"><![CDATA[org.opentest4j.AssertionFailedError: expected: <Andrés> but was: <AndrÃ©s>
	at com.oscar.test.springboot.app.controllers.CuentaControllerTestRestTemplateTest.testDetalle(CuentaControllerTestRestTemplateTest.java:90)
]]></failure>
    <system-out><![CDATA[2021-12-30 18:08:43.544 DEBUG 23760 --- [o-auto-1-exec-2] org.hibernate.SQL                        : select cuenta0_.id as id1_1_0_, cuenta0_.persona as persona2_1_0_, cuenta0_.saldo as saldo3_1_0_ from cuentas cuenta0_ where cuenta0_.id=?
]]></system-out>
  </testcase>
  <testcase name="testListar" classname="com.oscar.test.springboot.app.controllers.CuentaControllerTestRestTemplateTest" time="0.092">
    <failure message="expected: &lt;Andrés&gt; but was: &lt;AndrÃ©s&gt;" type="org.opentest4j.AssertionFailedError"><![CDATA[org.opentest4j.AssertionFailedError: expected: <Andrés> but was: <AndrÃ©s>
	at com.oscar.test.springboot.app.controllers.CuentaControllerTestRestTemplateTest.testListar(CuentaControllerTestRestTemplateTest.java:106)
]]></failure>
    <system-out><![CDATA[2021-12-30 18:08:43.612 DEBUG 23760 --- [o-auto-1-exec-3] org.hibernate.SQL                        : select cuenta0_.id as id1_1_, cuenta0_.persona as persona2_1_, cuenta0_.saldo as saldo3_1_ from cuentas cuenta0_
]]></system-out>
  </testcase>
  <testcase name="testGuardar" classname="com.oscar.test.springboot.app.controllers.CuentaControllerTestRestTemplateTest" time="0.046"/>
  <testcase name="testEliminar" classname="com.oscar.test.springboot.app.controllers.CuentaControllerTestRestTemplateTest" time="0.064"/>
</testsuite>